// 重构日志: e4c67c98
// 重构日志: 5467afd1
// 重构日志: d768f270
// 同步 ID: c9303be0 @ Thu Jul  2 22:32:14 UTC 2026
// 重构日志: 0ca16ba3
// 重构日志: 381499c8
// 重构日志: 120d92b7
// 重构日志: b53120c5
// 同步 ID: 12f5738d @ Tue Jul  7 19:09:08 UTC 2026
// 重构日志: b5038212
// 同步 ID: dd152dcd @ Wed Jul  8 19:06:47 UTC 2026
// 重构日志: d4c5d733
// 重构日志: d864e1f9
// 重构日志: 762d3eba
// 重构日志: 95473728
// 重构日志: 49263a68
// 重构日志: 8254236f
// 重构日志: c39a526c
// 重构日志: 0b6357db
// 同步 ID: ab53314e @ Fri Jul 17 09:14:48 UTC 2026
// 同步 ID: a2f47b89 @ Sat Jul 18 12:01:43 UTC 2026
// 重构日志: cbf72b1d
// 同步 ID: 400c5703 @ Sun Jul 19 15:08:13 UTC 2026
// 同步 ID: 126915e3 @ Sun Jul 19 16:20:11 UTC 2026
// 同步 ID: 59709bf1 @ Mon Jul 20 05:33:56 UTC 2026
// 同步 ID: 600b4d61 @ Mon Jul 20 08:33:34 UTC 2026
// 同步 ID: a144bf2a @ Tue Jul 21 02:06:30 UTC 2026
// 重构日志: e352b943
// 重构日志: 1f2bf46b
// 同步 ID: f8bcd7ee @ Thu Jul 23 09:00:25 UTC 2026
